{
  "RSpec": {
    "coverage": {
      "/Users/Keegan/turing/2module/timed_challenge/spec/features/user_can_create_new_student_spec.rb": [
        1,
        null,
        1,
        1,
        1,
        null,
        1,
        null,
        1,
        null,
        1,
        null,
        1,
        1,
        null,
        null
      ],
      "/Users/Keegan/turing/2module/timed_challenge/spec/features/user_can_edit_student_spec.rb": [
        1,
        null,
        1,
        1,
        1,
        1,
        1,
        null,
        1,
        null,
        1,
        null,
        1,
        null,
        1,
        1,
        1,
        null,
        null
      ],
      "/Users/Keegan/turing/2module/timed_challenge/spec/features/user_can_use_nav_on_index_spec.rb": [
        1,
        null,
        1,
        1,
        null,
        1,
        null,
        1,
        null,
        1,
        null,
        null,
        1,
        1,
        null,
        1,
        null,
        1,
        null,
        1,
        1,
        null,
        null
      ],
      "/Users/Keegan/turing/2module/timed_challenge/spec/features/user_sees_student_index_spec.rb": [
        1,
        null,
        1,
        1,
        1,
        1,
        null,
        1,
        null,
        1,
        1,
        null,
        null,
        1,
        1,
        null,
        1,
        null,
        1,
        null,
        1,
        1,
        1,
        null,
        null,
        1,
        1,
        1,
        null,
        1,
        null,
        1,
        null,
        1,
        1,
        null,
        null
      ],
      "/Users/Keegan/turing/2module/timed_challenge/spec/features/user_sees_student_show_page_spec.rb": [
        1,
        null,
        1,
        1,
        1,
        null,
        1,
        null,
        1,
        null,
        null
      ],
      "/Users/Keegan/turing/2module/timed_challenge/spec/models/address_spec.rb": [
        1,
        null,
        1,
        1,
        2,
        2,
        2,
        2,
        null,
        1,
        2,
        null,
        null
      ],
      "/Users/Keegan/turing/2module/timed_challenge/app/models/address.rb": [
        1,
        1,
        1,
        null,
        null
      ],
      "/Users/Keegan/turing/2module/timed_challenge/app/models/application_record.rb": [
        1,
        1,
        null
      ],
      "/Users/Keegan/turing/2module/timed_challenge/spec/models/student_spec.rb": [
        1,
        null,
        1,
        1,
        2,
        null,
        1,
        2,
        null,
        null
      ],
      "/Users/Keegan/turing/2module/timed_challenge/app/models/student.rb": [
        1,
        1,
        1,
        null
      ],
      "/Users/Keegan/turing/2module/timed_challenge/app/controllers/addresses_controller.rb": [
        1,
        null,
        1,
        1,
        1,
        null,
        null,
        1,
        1,
        1,
        null,
        1,
        null,
        1,
        null,
        null,
        1,
        null,
        1,
        1,
        null,
        null,
        null
      ],
      "/Users/Keegan/turing/2module/timed_challenge/app/controllers/application_controller.rb": [
        1,
        1,
        null
      ],
      "/Users/Keegan/turing/2module/timed_challenge/app/controllers/students_controller.rb": [
        1,
        null,
        1,
        6,
        6,
        6,
        null,
        null,
        1,
        6,
        null,
        null,
        1,
        2,
        null,
        null,
        1,
        1,
        1,
        1,
        null,
        0,
        null,
        null,
        null,
        1,
        2,
        null,
        null,
        1,
        1,
        1,
        1,
        1,
        null,
        0,
        null,
        null,
        null,
        1,
        1,
        1,
        null,
        1,
        null,
        null,
        1,
        null,
        1,
        2,
        null,
        null
      ]
    },
    "timestamp": 1531257464
  }
}
